<?xml version="1.0" encoding="UTF-8"?>
<!-- Generated by org.testng.reporters.JUnitXMLReporter -->
<testsuite hostname="DESKTOP-L87KDEL" name="Command line test" tests="5" failures="1" timestamp="16 Oct 2018 02:38:39 GMT" time="59.029" errors="0">
  <testcase name="validateStateMinLoanAmount" time="0.094" classname="com.test.ApiValidationTest"/>
  <testcase name="validateStateCode" time="0.0" classname="com.test.ApiValidationTest">
    <failure type="java.lang.AssertionError" message="District of ColumbiaNot a valid state expected [true] but found [false]">
      <![CDATA[java.lang.AssertionError: District of ColumbiaNot a valid state expected [true] but found [false]
	at com.test.ApiValidationTest.validateStateCode(ApiValidationTest.java:60)
	at org.apache.maven.surefire.testng.TestNGExecutor.run(TestNGExecutor.java:77)
	at org.apache.maven.surefire.testng.TestNGDirectoryTestSuite.executeMulti(TestNGDirectoryTestSuite.java:159)
	at org.apache.maven.surefire.testng.TestNGDirectoryTestSuite.execute(TestNGDirectoryTestSuite.java:99)
	at org.apache.maven.surefire.testng.TestNGProvider.invoke(TestNGProvider.java:106)
	at org.apache.maven.surefire.util.ReflectionUtils.invokeMethodWithArray(ReflectionUtils.java:189)
	at org.apache.maven.surefire.booter.ProviderFactory$ProviderProxy.invoke(ProviderFactory.java:165)
	at org.apache.maven.surefire.booter.ProviderFactory.invokeProvider(ProviderFactory.java:85)
	at org.apache.maven.surefire.booter.ForkedBooter.runSuitesInProcess(ForkedBooter.java:115)
	at org.apache.maven.surefire.booter.ForkedBooter.main(ForkedBooter.java:75)
... Removed 28 stack frames]]>
    </failure>
  </testcase> <!-- validateStateCode -->
  <testcase name="validateStateMinAge" time="0.0" classname="com.test.ApiValidationTest"/>
  <testcase name="SignUp" time="19.785" classname="com.test.HomePageTest"/>
  <testcase name="Login" time="11.671" classname="com.test.LoginPageTest"/>
</testsuite> <!-- Command line test -->
