<?xml version="1.0" encoding="UTF-8" ?>
<testsuite tests="5" failures="1" name="TestSuite" time="31.549" errors="0" skipped="0">
  <properties>
[...]
</properties>
  <testcase classname="com.test.ApiValidationTest" name="validateStateMinLoanAmount" time="0.094"/>
  <testcase classname="com.test.ApiValidationTest" name="validateStateCode" time="0">
    <failure message="District of ColumbiaNot a valid state expected [true] but found [false]" type="java.lang.AssertionError">java.lang.AssertionError: District of ColumbiaNot a valid state expected [true] but found [false]
	at org.testng.Assert.fail(Assert.java:94)
	at org.testng.Assert.failNotEquals(Assert.java:494)
	at org.testng.Assert.assertTrue(Assert.java:42)
	at com.test.ApiValidationTest.validateStateCode(ApiValidationTest.java:60)
</failure>
  </testcase>
  <testcase classname="com.test.ApiValidationTest" name="validateStateMinAge" time="0"/>
  <testcase classname="com.test.HomePageTest" name="SignUp" time="19.784"/>
  <testcase classname="com.test.LoginPageTest" name="Login" time="11.671"/>
</testsuite>