<?xml version="1.0" encoding="UTF-8"?>
<testng-results skipped="0" failed="0" total="2" passed="2">
  <reporter-output>
  </reporter-output>
  <suite name="Default suite" duration-ms="44588" started-at="2018-10-15T04:28:41Z" finished-at="2018-10-15T04:29:26Z">
    <groups>
    </groups>
    <test name="Default test" duration-ms="44588" started-at="2018-10-15T04:28:41Z" finished-at="2018-10-15T04:29:26Z">
      <class name="com.test.HomePageTest">
        <test-method status="PASS" signature="setUp()[pri:0, instance:com.test.HomePageTest@cc285f4]" name="setUp" is-config="true" duration-ms="8653" started-at="2018-10-14T23:28:41Z" finished-at="2018-10-14T23:28:50Z">
          <reporter-output>
          </reporter-output>
        </test-method> <!-- setUp -->
        <test-method status="PASS" signature="SignUp()[pri:0, instance:com.test.HomePageTest@cc285f4]" name="SignUp" duration-ms="19721" started-at="2018-10-14T23:28:50Z" finished-at="2018-10-14T23:29:10Z">
          <reporter-output>
          </reporter-output>
        </test-method> <!-- SignUp -->
        <test-method status="PASS" signature="tearDown()[pri:0, instance:com.test.HomePageTest@cc285f4]" name="tearDown" is-config="true" duration-ms="793" started-at="2018-10-14T23:29:10Z" finished-at="2018-10-14T23:29:10Z">
          <reporter-output>
          </reporter-output>
        </test-method> <!-- tearDown -->
      </class> <!-- com.test.HomePageTest -->
      <class name="com.test.LoginPageTest">
        <test-method status="PASS" signature="setUp()[pri:0, instance:com.test.LoginPageTest@59fa1d9b]" name="setUp" is-config="true" duration-ms="8263" started-at="2018-10-14T23:29:10Z" finished-at="2018-10-14T23:29:19Z">
          <reporter-output>
          </reporter-output>
        </test-method> <!-- setUp -->
        <test-method status="PASS" signature="Login()[pri:0, instance:com.test.LoginPageTest@59fa1d9b]" name="Login" duration-ms="6423" started-at="2018-10-14T23:29:19Z" depends-on-methods="com.test.HomePageTest.SignUp" finished-at="2018-10-14T23:29:25Z">
          <reporter-output>
          </reporter-output>
        </test-method> <!-- Login -->
        <test-method status="PASS" signature="tearDown()[pri:0, instance:com.test.LoginPageTest@59fa1d9b]" name="tearDown" is-config="true" duration-ms="716" started-at="2018-10-14T23:29:25Z" finished-at="2018-10-14T23:29:26Z">
          <reporter-output>
          </reporter-output>
        </test-method> <!-- tearDown -->
      </class> <!-- com.test.LoginPageTest -->
    </test> <!-- Default test -->
  </suite> <!-- Default suite -->
</testng-results>
